24-03-21 22:04:42.369 :                             1_R2Net
24-03-21 22:05:13.111 :                             1_R2Net
24-03-21 22:05:13.361 : 0000001.png - PSNR: 25.63 dB
24-03-21 22:05:13.448 : 0000002.png - PSNR: 21.00 dB
24-03-21 22:05:13.558 : 0000003.png - PSNR: 26.39 dB
24-03-21 22:05:13.626 : 0000004.png - PSNR: 24.09 dB
24-03-21 22:05:13.759 : 0000005.png - PSNR: 25.07 dB
24-03-21 22:05:13.825 : 0000006.png - PSNR: 20.36 dB
24-03-21 22:05:13.891 : 0000007.png - PSNR: 20.00 dB
24-03-21 22:05:13.932 : 0000008.png - PSNR: 23.37 dB
24-03-21 22:05:13.992 : 0000009.png - PSNR: 23.21 dB
24-03-21 22:05:14.062 : 0000010.png - PSNR: 20.85 dB
24-03-21 22:05:14.125 : 0000011.png - PSNR: 25.66 dB
24-03-21 22:05:14.206 : 0000012.png - PSNR: 25.03 dB
24-03-21 22:05:14.301 : 0000013.png - PSNR: 27.05 dB
24-03-21 22:05:14.362 : 0000014.png - PSNR: 24.74 dB
24-03-21 22:05:14.417 : 0000015.png - PSNR: 22.87 dB
24-03-21 22:05:14.519 : 0000016.png - PSNR: 21.02 dB
24-03-21 22:05:14.580 : 0000017.png - PSNR: 22.49 dB
24-03-21 22:05:14.680 : 0000018.png - PSNR: 25.75 dB
24-03-21 22:05:14.775 : 0000019.png - PSNR: 22.57 dB
24-03-21 22:05:14.866 : 0000020.png - PSNR: 24.91 dB
24-03-21 22:05:14.933 : 0000021.png - PSNR: 24.21 dB
24-03-21 22:05:15.006 : 0000022.png - PSNR: 26.00 dB
24-03-21 22:05:15.091 : 0000023.png - PSNR: 31.42 dB
24-03-21 22:05:15.145 : 0000024.png - PSNR: 20.91 dB
24-03-21 22:05:15.223 : 0000025.png - PSNR: 25.78 dB
24-03-21 22:05:15.273 : 0000026.png - PSNR: 31.62 dB
24-03-21 22:05:15.347 : 0000027.png - PSNR: 22.46 dB
24-03-21 22:05:15.402 : 0000028.png - PSNR: 20.66 dB
24-03-21 22:05:15.469 : 0000029.png - PSNR: 24.49 dB
24-03-21 22:05:15.557 : 0000030.png - PSNR: 23.31 dB
24-03-21 22:05:15.604 : 0000031.png - PSNR: 35.18 dB
24-03-21 22:05:15.687 : 0000032.png - PSNR: 21.31 dB
24-03-21 22:05:15.742 : 0000033.png - PSNR: 24.57 dB
24-03-21 22:05:15.776 : 0000034.png - PSNR: 21.53 dB
24-03-21 22:05:15.823 : 0000035.png - PSNR: 27.44 dB
24-03-21 22:05:15.870 : 0000036.png - PSNR: 21.05 dB
24-03-21 22:05:15.964 : 0000037.png - PSNR: 23.57 dB
24-03-21 22:05:16.043 : 0000038.png - PSNR: 23.54 dB
24-03-21 22:05:16.129 : 0000039.png - PSNR: 22.47 dB
24-03-21 22:05:16.174 : 0000040.png - PSNR: 33.52 dB
24-03-21 22:05:16.260 : 0000041.png - PSNR: 24.80 dB
24-03-21 22:05:16.308 : 0000042.png - PSNR: 21.74 dB
24-03-21 22:05:16.434 : 0000043.png - PSNR: 23.07 dB
24-03-21 22:05:16.493 : 0000044.png - PSNR: 24.01 dB
24-03-21 22:05:16.530 : 0000045.png - PSNR: 25.20 dB
24-03-21 22:05:16.654 : 0000046.png - PSNR: 26.39 dB
24-03-21 22:05:16.783 : 0000047.png - PSNR: 21.28 dB
24-03-21 22:05:17.020 : 0000048.png - PSNR: 29.29 dB
24-03-21 22:05:17.219 : 0000049.png - PSNR: 24.81 dB
24-03-21 22:05:17.296 : 0000050.png - PSNR: 29.68 dB
24-03-21 22:05:17.364 : 0000051.png - PSNR: 23.67 dB
24-03-21 22:05:17.545 : 0000052.png - PSNR: 26.34 dB
24-03-21 22:05:17.791 : 0000053.png - PSNR: 31.99 dB
24-03-21 22:05:17.876 : 0000054.png - PSNR: 27.92 dB
24-03-21 22:05:17.939 : 0000055.png - PSNR: 27.08 dB
24-03-21 22:05:18.035 : 0000056.png - PSNR: 24.70 dB
24-03-21 22:05:18.083 : 0000057.png - PSNR: 22.48 dB
24-03-21 22:05:18.222 : 0000058.png - PSNR: 19.17 dB
24-03-21 22:05:18.308 : 0000059.png - PSNR: 23.12 dB
24-03-21 22:05:18.401 : 0000060.png - PSNR: 22.77 dB
24-03-21 22:05:18.487 : 0000061.png - PSNR: 23.82 dB
24-03-21 22:05:18.569 : 0000062.png - PSNR: 20.77 dB
24-03-21 22:05:18.621 : 0000063.png - PSNR: 21.28 dB
24-03-21 22:05:18.729 : 0000064.png - PSNR: 28.15 dB
24-03-21 22:05:18.831 : 0000065.png - PSNR: 23.93 dB
24-03-21 22:05:18.921 : 0000066.png - PSNR: 24.04 dB
24-03-21 22:05:18.976 : 0000067.png - PSNR: 22.95 dB
24-03-21 22:05:19.047 : 0000068.png - PSNR: 26.62 dB
24-03-21 22:05:19.125 : 0000069.png - PSNR: 29.20 dB
24-03-21 22:05:19.216 : 0000070.png - PSNR: 30.30 dB
24-03-21 22:05:19.286 : 0000071.png - PSNR: 27.71 dB
24-03-21 22:05:19.363 : 0000072.png - PSNR: 26.47 dB
24-03-21 22:05:19.452 : 0000073.png - PSNR: 22.15 dB
24-03-21 22:05:19.544 : 0000074.png - PSNR: 27.28 dB
24-03-21 22:05:19.623 : 0000075.png - PSNR: 28.84 dB
24-03-21 22:05:19.720 : 0000076.png - PSNR: 22.92 dB
24-03-21 22:05:19.766 : 0000077.png - PSNR: 24.35 dB
24-03-21 22:05:19.841 : 0000078.png - PSNR: 26.06 dB
24-03-21 22:05:19.915 : 0000079.png - PSNR: 24.31 dB
24-03-21 22:05:20.003 : 0000080.png - PSNR: 24.23 dB
24-03-21 22:05:20.080 : 0000081.png - PSNR: 23.69 dB
24-03-21 22:05:20.168 : 0000082.png - PSNR: 19.69 dB
24-03-21 22:05:20.255 : 0000083.png - PSNR: 29.96 dB
24-03-21 22:05:20.306 : 0000084.png - PSNR: 31.62 dB
24-03-21 22:05:20.363 : 0000085.png - PSNR: 24.99 dB
24-03-21 22:05:20.455 : 0000086.png - PSNR: 27.10 dB
24-03-21 22:05:20.523 : 0000087.png - PSNR: 31.29 dB
24-03-21 22:05:20.626 : 0000088.png - PSNR: 30.00 dB
24-03-21 22:05:20.675 : 0000089.png - PSNR: 22.55 dB
24-03-21 22:05:20.761 : 0000090.png - PSNR: 21.41 dB
24-03-21 22:05:20.847 : 0000091.png - PSNR: 22.02 dB
24-03-21 22:05:20.948 : 0000092.png - PSNR: 18.92 dB
24-03-21 22:05:21.000 : 0000093.png - PSNR: 24.84 dB
24-03-21 22:05:21.057 : 0000094.png - PSNR: 22.72 dB
24-03-21 22:05:21.121 : 0000095.png - PSNR: 26.47 dB
24-03-21 22:05:21.243 : 0000096.png - PSNR: 29.45 dB
24-03-21 22:05:21.302 : 0000097.png - PSNR: 29.92 dB
24-03-21 22:05:21.517 : 0000098.png - PSNR: 24.06 dB
24-03-21 22:05:21.574 : 0000099.png - PSNR: 21.64 dB
24-03-21 22:05:21.666 : 0000100.png - PSNR: 25.18 dB
24-03-21 22:05:21.858 : 0801.png - PSNR: 29.59 dB
24-03-21 22:05:22.046 : 0802.png - PSNR: 35.21 dB
24-03-21 22:05:22.257 : 0803.png - PSNR: 40.16 dB
24-03-21 22:05:22.429 : 0804.png - PSNR: 27.44 dB
24-03-21 22:05:22.640 : 0805.png - PSNR: 28.52 dB
24-03-21 22:05:22.835 : 0806.png - PSNR: 28.40 dB
24-03-21 22:05:23.001 : 0807.png - PSNR: 20.22 dB
24-03-21 22:05:23.202 : 0808.png - PSNR: 26.77 dB
24-03-21 22:05:23.405 : 0809.png - PSNR: 32.20 dB
24-03-21 22:05:23.620 : 0810.png - PSNR: 26.72 dB
24-03-21 22:05:23.815 : 0811.png - PSNR: 29.08 dB
24-03-21 22:05:24.032 : 0812.png - PSNR: 27.96 dB
24-03-21 22:05:24.237 : 0813.png - PSNR: 31.31 dB
24-03-21 22:05:24.430 : 0814.png - PSNR: 28.29 dB
24-03-21 22:05:24.627 : 0815.png - PSNR: 34.01 dB
24-03-21 22:05:24.825 : 0816.png - PSNR: 31.62 dB
24-03-21 22:05:25.046 : 0817.png - PSNR: 32.11 dB
24-03-21 22:05:25.274 : 0818.png - PSNR: 28.85 dB
24-03-21 22:05:25.484 : 0819.png - PSNR: 28.01 dB
24-03-21 22:05:25.697 : 0820.png - PSNR: 24.83 dB
24-03-21 22:05:25.907 : 0821.png - PSNR: 31.97 dB
24-03-21 22:05:26.155 : 0822.png - PSNR: 30.56 dB
24-03-21 22:05:26.356 : 0823.png - PSNR: 25.97 dB
24-03-21 22:05:26.568 : 0824.png - PSNR: 28.33 dB
24-03-21 22:05:26.785 : 0825.png - PSNR: 27.30 dB
24-03-21 22:05:27.019 : 0826.png - PSNR: 24.18 dB
24-03-21 22:05:27.252 : 0827.png - PSNR: 33.41 dB
24-03-21 22:05:27.466 : 0828.png - PSNR: 23.28 dB
24-03-21 22:05:27.673 : 0829.png - PSNR: 26.59 dB
24-03-21 22:05:27.805 : 0830.png - PSNR: 24.47 dB
24-03-21 22:05:28.016 : 0831.png - PSNR: 30.16 dB
24-03-21 22:05:28.230 : 0832.png - PSNR: 30.69 dB
24-03-21 22:05:28.465 : 0833.png - PSNR: 33.93 dB
24-03-21 22:05:28.665 : 0834.png - PSNR: 25.41 dB
24-03-21 22:05:28.914 : 0835.png - PSNR: 22.85 dB
24-03-21 22:05:29.131 : 0836.png - PSNR: 25.82 dB
24-03-21 22:05:29.333 : 0837.png - PSNR: 26.16 dB
24-03-21 22:05:29.529 : 0838.png - PSNR: 37.72 dB
24-03-21 22:05:29.715 : 0839.png - PSNR: 29.06 dB
24-03-21 22:05:29.913 : 0840.png - PSNR: 28.38 dB
24-03-21 22:05:30.114 : 0841.png - PSNR: 28.07 dB
24-03-21 22:05:30.309 : 0842.png - PSNR: 29.96 dB
24-03-21 22:05:30.484 : 0843.png - PSNR: 41.01 dB
24-03-21 22:05:30.683 : 0844.png - PSNR: 44.12 dB
24-03-21 22:05:30.883 : 0845.png - PSNR: 24.44 dB
24-03-21 22:05:31.087 : 0846.png - PSNR: 25.79 dB
24-03-21 22:05:31.294 : 0847.png - PSNR: 27.66 dB
24-03-21 22:05:31.516 : 0848.png - PSNR: 27.19 dB
24-03-21 22:05:31.721 : 0849.png - PSNR: 22.27 dB
24-03-21 22:05:31.928 : 0850.png - PSNR: 29.05 dB
24-03-21 22:05:32.130 : 0851.png - PSNR: 28.43 dB
24-03-21 22:05:32.298 : 0852.png - PSNR: 29.99 dB
24-03-21 22:05:32.508 : 0853.png - PSNR: 34.08 dB
24-03-21 22:05:32.671 : 0854.png - PSNR: 24.92 dB
24-03-21 22:05:32.958 : 0855.png - PSNR: 29.37 dB
24-03-21 22:05:33.149 : 0856.png - PSNR: 24.30 dB
24-03-21 22:05:33.345 : 0857.png - PSNR: 34.92 dB
24-03-21 22:05:33.542 : 0858.png - PSNR: 28.49 dB
24-03-21 22:05:33.734 : 0859.png - PSNR: 25.48 dB
24-03-21 22:05:33.950 : 0860.png - PSNR: 20.57 dB
24-03-21 22:05:34.151 : 0861.png - PSNR: 23.00 dB
24-03-21 22:05:34.347 : 0862.png - PSNR: 33.13 dB
24-03-21 22:05:34.565 : 0863.png - PSNR: 33.18 dB
24-03-21 22:05:34.770 : 0864.png - PSNR: 29.88 dB
24-03-21 22:05:34.995 : 0865.png - PSNR: 27.25 dB
24-03-21 22:05:35.206 : 0866.png - PSNR: 25.15 dB
24-03-21 22:05:35.418 : 0867.png - PSNR: 28.40 dB
24-03-21 22:05:35.604 : 0868.png - PSNR: 32.75 dB
24-03-21 22:05:35.814 : 0869.png - PSNR: 23.77 dB
24-03-21 22:05:36.059 : 0870.png - PSNR: 28.58 dB
24-03-21 22:05:36.266 : 0871.png - PSNR: 32.00 dB
24-03-21 22:05:36.470 : 0872.png - PSNR: 23.98 dB
24-03-21 22:05:36.680 : 0873.png - PSNR: 23.99 dB
24-03-21 22:05:36.891 : 0874.png - PSNR: 30.09 dB
24-03-21 22:05:37.125 : 0875.png - PSNR: 24.34 dB
24-03-21 22:05:37.325 : 0876.png - PSNR: 22.15 dB
24-03-21 22:05:37.492 : 0877.png - PSNR: 40.20 dB
24-03-21 22:05:37.766 : 0878.png - PSNR: 32.07 dB
24-03-21 22:05:38.045 : 0879.png - PSNR: 27.31 dB
24-03-21 22:05:38.243 : 0880.png - PSNR: 32.19 dB
24-03-21 22:05:38.437 : 0881.png - PSNR: 25.89 dB
24-03-21 22:05:38.631 : 0882.png - PSNR: 34.17 dB
24-03-21 22:05:38.841 : 0883.png - PSNR: 26.33 dB
24-03-21 22:05:39.049 : 0884.png - PSNR: 25.85 dB
24-03-21 22:05:39.253 : 0885.png - PSNR: 22.99 dB
24-03-21 22:05:39.451 : 0886.png - PSNR: 36.42 dB
24-03-21 22:05:39.658 : 0887.png - PSNR: 25.25 dB
24-03-21 22:05:39.882 : 0888.png - PSNR: 30.47 dB
24-03-21 22:05:40.088 : 0889.png - PSNR: 30.76 dB
24-03-21 22:05:40.288 : 0890.png - PSNR: 25.26 dB
24-03-21 22:05:40.551 : 0891.png - PSNR: 26.77 dB
24-03-21 22:05:40.740 : 0892.png - PSNR: 30.02 dB
24-03-21 22:05:40.934 : 0893.png - PSNR: 33.23 dB
24-03-21 22:05:41.131 : 0894.png - PSNR: 31.73 dB
24-03-21 22:05:41.321 : 0895.png - PSNR: 20.40 dB
24-03-21 22:05:41.512 : 0896.png - PSNR: 39.04 dB
24-03-21 22:05:41.705 : 0897.png - PSNR: 22.16 dB
24-03-21 22:05:41.897 : 0898.png - PSNR: 34.37 dB
24-03-21 22:05:42.098 : 0899.png - PSNR: 31.26 dB
24-03-21 22:05:42.264 : 0900.png - PSNR: 27.92 dB
24-03-21 22:05:42.264 :       Max Memory : 370.301 [M]
24-03-21 22:05:42.264 : ------> Average runtime of (valid) is : 40.008872 milliseconds
24-03-21 22:05:42.264 : ------> Average PSNR of (valid) is : 26.904316 dB
24-03-21 22:05:42.283 :     #Activations : 52.5201 [M]
24-03-21 22:05:42.283 :          #Conv2d : 27
24-03-21 22:05:42.335 :            FLOPs : 13.0501 [G]
24-03-21 22:05:42.335 :          #Params : 0.2148 [M]
